<?xml version="1.0" encoding="UTF-8"?>
<testng-results ignored="0" total="3" passed="3" failed="0" skipped="0">
  <reporter-output>
  </reporter-output>
  <suite started-at="2024-06-10T15:06:57 CST" name="Default Suite" finished-at="2024-06-10T15:06:57 CST" duration-ms="64">
    <groups>
      <group name="group2">
        <method signature="expTest.test2()[pri:0, instance:com.mbnabc.expTest@6ca8564a]" name="test2" class="com.mbnabc.expTest"/>
      </group> <!-- group2 -->
      <group name="group1">
        <method signature="expTest.test1()[pri:0, instance:com.mbnabc.expTest@6ca8564a]" name="test1" class="com.mbnabc.expTest"/>
        <method signature="expTest.test11()[pri:0, instance:com.mbnabc.expTest@6ca8564a]" name="test11" class="com.mbnabc.expTest"/>
      </group> <!-- group1 -->
    </groups>
    <test started-at="2024-06-10T15:06:57 CST" name="TestNG" finished-at="2024-06-10T15:06:57 CST" duration-ms="64">
      <class name="com.mbnabc.expTest">
        <test-method is-config="true" signature="beforeSuite()[pri:0, instance:com.mbnabc.expTest@6ca8564a]" started-at="2024-06-10T15:06:57 CST" name="beforeSuite" finished-at="2024-06-10T15:06:57 CST" duration-ms="15" status="PASS">
          <reporter-output>
          </reporter-output>
        </test-method> <!-- beforeSuite -->
        <test-method is-config="true" signature="beforeTest()[pri:0, instance:com.mbnabc.expTest@6ca8564a]" started-at="2024-06-10T15:06:57 CST" name="beforeTest" finished-at="2024-06-10T15:06:57 CST" duration-ms="0" status="PASS">
          <reporter-output>
          </reporter-output>
        </test-method> <!-- beforeTest -->
        <test-method is-config="true" signature="beforeClass()[pri:0, instance:com.mbnabc.expTest@6ca8564a]" started-at="2024-06-10T15:06:57 CST" name="beforeClass" finished-at="2024-06-10T15:06:57 CST" duration-ms="0" status="PASS">
          <reporter-output>
          </reporter-output>
        </test-method> <!-- beforeClass -->
        <test-method is-config="true" signature="beforeGroups()[pri:0, instance:com.mbnabc.expTest@6ca8564a]" started-at="2024-06-10T15:06:57 CST" name="beforeGroups" finished-at="2024-06-10T15:06:57 CST" duration-ms="1" status="PASS">
          <reporter-output>
          </reporter-output>
        </test-method> <!-- beforeGroups -->
        <test-method is-config="true" signature="beforeMethod()[pri:0, instance:com.mbnabc.expTest@6ca8564a]" started-at="2024-06-10T15:06:57 CST" name="beforeMethod" finished-at="2024-06-10T15:06:57 CST" duration-ms="0" status="PASS">
          <reporter-output>
          </reporter-output>
        </test-method> <!-- beforeMethod -->
        <test-method signature="test1()[pri:0, instance:com.mbnabc.expTest@6ca8564a]" started-at="2024-06-10T15:06:57 CST" name="test1" finished-at="2024-06-10T15:06:57 CST" duration-ms="3" status="PASS">
          <reporter-output>
          </reporter-output>
        </test-method> <!-- test1 -->
        <test-method is-config="true" signature="afterMethod()[pri:0, instance:com.mbnabc.expTest@6ca8564a]" started-at="2024-06-10T15:06:57 CST" name="afterMethod" finished-at="2024-06-10T15:06:57 CST" duration-ms="0" status="PASS">
          <reporter-output>
          </reporter-output>
        </test-method> <!-- afterMethod -->
        <test-method is-config="true" signature="beforeMethod()[pri:0, instance:com.mbnabc.expTest@6ca8564a]" started-at="2024-06-10T15:06:57 CST" name="beforeMethod" finished-at="2024-06-10T15:06:57 CST" duration-ms="2" status="PASS">
          <reporter-output>
          </reporter-output>
        </test-method> <!-- beforeMethod -->
        <test-method signature="test11()[pri:0, instance:com.mbnabc.expTest@6ca8564a]" started-at="2024-06-10T15:06:57 CST" name="test11" finished-at="2024-06-10T15:06:57 CST" duration-ms="1" status="PASS">
          <reporter-output>
          </reporter-output>
        </test-method> <!-- test11 -->
        <test-method is-config="true" signature="afterMethod()[pri:0, instance:com.mbnabc.expTest@6ca8564a]" started-at="2024-06-10T15:06:57 CST" name="afterMethod" finished-at="2024-06-10T15:06:57 CST" duration-ms="1" status="PASS">
          <reporter-output>
          </reporter-output>
        </test-method> <!-- afterMethod -->
        <test-method is-config="true" signature="afterGroups()[pri:0, instance:com.mbnabc.expTest@6ca8564a]" started-at="2024-06-10T15:06:57 CST" name="afterGroups" finished-at="2024-06-10T15:06:57 CST" duration-ms="1" status="PASS">
          <reporter-output>
          </reporter-output>
        </test-method> <!-- afterGroups -->
        <test-method signature="test2()[pri:0, instance:com.mbnabc.expTest@6ca8564a]" started-at="2024-06-10T15:06:57 CST" name="test2" finished-at="2024-06-10T15:06:57 CST" duration-ms="1" status="PASS">
          <reporter-output>
          </reporter-output>
        </test-method> <!-- test2 -->
        <test-method is-config="true" signature="beforeMethod()[pri:0, instance:com.mbnabc.expTest@6ca8564a]" started-at="2024-06-10T15:06:57 CST" name="beforeMethod" finished-at="2024-06-10T15:06:57 CST" duration-ms="0" status="PASS">
          <reporter-output>
          </reporter-output>
        </test-method> <!-- beforeMethod -->
        <test-method is-config="true" signature="afterMethod()[pri:0, instance:com.mbnabc.expTest@6ca8564a]" started-at="2024-06-10T15:06:57 CST" name="afterMethod" finished-at="2024-06-10T15:06:57 CST" duration-ms="1" status="PASS">
          <reporter-output>
          </reporter-output>
        </test-method> <!-- afterMethod -->
        <test-method is-config="true" signature="afterClass()[pri:0, instance:com.mbnabc.expTest@6ca8564a]" started-at="2024-06-10T15:06:57 CST" name="afterClass" finished-at="2024-06-10T15:06:57 CST" duration-ms="1" status="PASS">
          <reporter-output>
          </reporter-output>
        </test-method> <!-- afterClass -->
        <test-method is-config="true" signature="afterTest()[pri:0, instance:com.mbnabc.expTest@6ca8564a]" started-at="2024-06-10T15:06:57 CST" name="afterTest" finished-at="2024-06-10T15:06:57 CST" duration-ms="1" status="PASS">
          <reporter-output>
          </reporter-output>
        </test-method> <!-- afterTest -->
        <test-method is-config="true" signature="afterSuite()[pri:0, instance:com.mbnabc.expTest@6ca8564a]" started-at="2024-06-10T15:06:57 CST" name="afterSuite" finished-at="2024-06-10T15:06:57 CST" duration-ms="0" status="PASS">
          <reporter-output>
          </reporter-output>
        </test-method> <!-- afterSuite -->
      </class> <!-- com.mbnabc.expTest -->
    </test> <!-- TestNG -->
  </suite> <!-- Default Suite -->
</testng-results>
